<?xml version="1.0" encoding="UTF-8"?>
<robot generator="Robot 5.0.1 (Python 3.9.6 on win32)" generated="20220616 21:26:33.274" rpa="false" schemaversion="3">
<suite id="s1" name="Checkbox" source="D:\DOJOBOX\Automation\DemoRoboFR\checkbox.robot">
<test id="s1-t1" name="I Click &quot;Notes&quot; in checkbox" line="11">
<kw name="Open Browser" library="SeleniumLibrary" type="SETUP">
<arg>${base_url}</arg>
<arg>${browser_type}</arg>
<doc>Opens a new browser instance to the optional ``url``.</doc>
<msg timestamp="20220616 21:26:33.504" level="INFO">Opening browser 'Chrome' to base url 'https://demoqa.com/radio-button'.</msg>
<status status="PASS" starttime="20220616 21:26:33.503" endtime="20220616 21:27:04.226"/>
</kw>
<kw name="Maximize Browser Window" library="SeleniumLibrary">
<doc>Maximizes current browser window.</doc>
<status status="PASS" starttime="20220616 21:27:04.226" endtime="20220616 21:27:04.470"/>
</kw>
<kw name="Click Element" library="SeleniumLibrary">
<arg>(//button[@aria-label="Toggle"])[1]</arg>
<doc>Click the element identified by ``locator``.</doc>
<msg timestamp="20220616 21:27:04.471" level="INFO">Clicking element '(//button[@aria-label="Toggle"])[1]'.</msg>
<msg timestamp="20220616 21:27:04.665" level="INFO" html="true">&lt;/td&gt;&lt;/tr&gt;&lt;tr&gt;&lt;td colspan="3"&gt;&lt;a href="selenium-screenshot-10.png"&gt;&lt;img src="selenium-screenshot-10.png" width="800px"&gt;&lt;/a&gt;</msg>
<msg timestamp="20220616 21:27:04.666" level="FAIL">Element with locator '(//button[@aria-label="Toggle"])[1]' not found.</msg>
<status status="FAIL" starttime="20220616 21:27:04.471" endtime="20220616 21:27:04.668"/>
</kw>
<kw name="Sleep" library="BuiltIn">
<arg>2s</arg>
<doc>Pauses the test executed for the given time.</doc>
<status status="NOT RUN" starttime="20220616 21:27:04.669" endtime="20220616 21:27:04.669"/>
</kw>
<kw name="Click Element" library="SeleniumLibrary">
<arg>(//button[@aria-label="Toggle"])[2]</arg>
<doc>Click the element identified by ``locator``.</doc>
<status status="NOT RUN" starttime="20220616 21:27:04.669" endtime="20220616 21:27:04.669"/>
</kw>
<kw name="Sleep" library="BuiltIn">
<arg>2s</arg>
<doc>Pauses the test executed for the given time.</doc>
<status status="NOT RUN" starttime="20220616 21:27:04.669" endtime="20220616 21:27:04.669"/>
</kw>
<kw name="Click Element" library="SeleniumLibrary">
<arg>//label[@for="tree-node-notes"]</arg>
<doc>Click the element identified by ``locator``.</doc>
<status status="NOT RUN" starttime="20220616 21:27:04.669" endtime="20220616 21:27:04.670"/>
</kw>
<kw name="Sleep" library="BuiltIn">
<arg>2s</arg>
<doc>Pauses the test executed for the given time.</doc>
<status status="NOT RUN" starttime="20220616 21:27:04.670" endtime="20220616 21:27:04.670"/>
</kw>
<kw name="Element Should Be Visible" library="SeleniumLibrary">
<arg>//div[@id="result"]</arg>
<doc>Verifies that the element identified by ``locator`` is visible.</doc>
<status status="NOT RUN" starttime="20220616 21:27:04.670" endtime="20220616 21:27:04.670"/>
</kw>
<kw name="Sleep" library="BuiltIn">
<arg>2s</arg>
<doc>Pauses the test executed for the given time.</doc>
<status status="NOT RUN" starttime="20220616 21:27:04.670" endtime="20220616 21:27:04.671"/>
</kw>
<kw name="Element Should Contain" library="SeleniumLibrary">
<arg>//span[@class="text-success"]</arg>
<doc>Verifies that element ``locator`` contains text ``expected``.</doc>
<status status="NOT RUN" starttime="20220616 21:27:04.671" endtime="20220616 21:27:04.671"/>
</kw>
<kw name="Sleep" library="BuiltIn">
<arg>2s</arg>
<doc>Pauses the test executed for the given time.</doc>
<status status="NOT RUN" starttime="20220616 21:27:04.671" endtime="20220616 21:27:04.671"/>
</kw>
<kw name="Close Browser" library="SeleniumLibrary" type="TEARDOWN">
<doc>Closes the current browser.</doc>
<status status="PASS" starttime="20220616 21:27:04.672" endtime="20220616 21:27:06.750"/>
</kw>
<status status="FAIL" starttime="20220616 21:26:33.502" endtime="20220616 21:27:06.751">Element with locator '(//button[@aria-label="Toggle"])[1]' not found.</status>
</test>
<status status="FAIL" starttime="20220616 21:26:33.276" endtime="20220616 21:27:06.752"/>
</suite>
<statistics>
<total>
<stat pass="0" fail="1" skip="0">All Tests</stat>
</total>
<tag>
</tag>
<suite>
<stat pass="0" fail="1" skip="0" id="s1" name="Checkbox">Checkbox</stat>
</suite>
</statistics>
<errors>
</errors>
</robot>
